<?xml version="1.0" encoding="UTF-8"?>
<robot generator="Robot 4.1 (Python 3.8.10 on win32)" generated="20210723 16:24:56.079" rpa="false" schemaversion="2">
<suite id="s1" name="testFormatado" source="C:\Users\issia\Desktop\Nova pasta\EstudosRobot\Selenium\tests\testFormatado.robot">
<kw name="Abrir Navegador" library="PageLogin" type="SETUP">
<kw name="Open Browser" library="SeleniumLibrary">
<arg>${URL_CADASTRO_LOGIN}</arg>
<arg>${NAVEGADOR}</arg>
<doc>Opens a new browser instance to the optional ``url``.</doc>
<msg timestamp="20210723 16:24:56.882" level="INFO">Opening browser 'Chrome' to base url 'https://estivalet.github.io/robot-static-testing-site/index.html#'.</msg>
<kw name="Capture Page Screenshot" library="SeleniumLibrary">
<doc>Takes a screenshot of the current page and embeds it into a log file.</doc>
<msg timestamp="20210723 16:25:08.141" level="INFO">Cannot capture screenshot because no browser is open.</msg>
<status status="PASS" starttime="20210723 16:25:08.140" endtime="20210723 16:25:08.141"/>
</kw>
<msg timestamp="20210723 16:25:08.424" level="FAIL">SessionNotCreatedException: Message: session not created: This version of ChromeDriver only supports Chrome version 87
Current browser version is 92.0.4515.107 with binary path C:\Program Files (x86)\Google\Chrome\Application\chrome.exe
</msg>
<status status="FAIL" starttime="20210723 16:24:56.881" endtime="20210723 16:25:08.424"/>
</kw>
<kw name="Set Selenium Speed" library="SeleniumLibrary">
<arg>0.3s</arg>
<doc>Sets the delay that is waited after each Selenium command.</doc>
<status status="NOT RUN" starttime="20210723 16:25:08.425" endtime="20210723 16:25:08.425"/>
</kw>
<status status="FAIL" starttime="20210723 16:24:56.881" endtime="20210723 16:25:08.425"/>
</kw>
<test id="s1-t1" name="Fazer o cadastro de um novo cliente">
<status status="FAIL" starttime="20210723 16:25:08.425" endtime="20210723 16:25:08.426">Parent suite setup failed:
SessionNotCreatedException: Message: session not created: This version of ChromeDriver only supports Chrome version 87
Current browser version is 92.0.4515.107 with binary path C:\Program Files (x86)\Google\Chrome\Application\chrome.exe
</status>
</test>
<kw name="Close Browser" library="SeleniumLibrary" type="TEARDOWN">
<doc>Closes the current browser.</doc>
<status status="PASS" starttime="20210723 16:25:08.429" endtime="20210723 16:25:08.430"/>
</kw>
<status status="FAIL" starttime="20210723 16:24:56.084" endtime="20210723 16:25:08.430">Suite setup failed:
SessionNotCreatedException: Message: session not created: This version of ChromeDriver only supports Chrome version 87
Current browser version is 92.0.4515.107 with binary path C:\Program Files (x86)\Google\Chrome\Application\chrome.exe
</status>
</suite>
<statistics>
<total>
<stat pass="0" fail="1" skip="0">All Tests</stat>
</total>
<tag>
</tag>
<suite>
<stat pass="0" fail="1" skip="0" id="s1" name="testFormatado">testFormatado</stat>
</suite>
</statistics>
<errors>
</errors>
</robot>
